  imgui_impl_win32.cpp
  main.cpp
D:\imgui-1.91.5\examples\example_win32_directx11\main.cpp(114,24): warning C4244: "Initialisierung": Konvertierung von "double" in "float", möglicher Datenverlust
D:\imgui-1.91.5\examples\example_win32_directx11\main.cpp(115,81): warning C4244: "Argument": Konvertierung von "double" in "float", möglicher Datenverlust
D:\imgui-1.91.5\examples\example_win32_directx11\main.cpp(115,62): warning C4244: "Argument": Konvertierung von "double" in "float", möglicher Datenverlust
D:\imgui-1.91.5\examples\example_win32_directx11\main.cpp(116,102): warning C4244: "Argument": Konvertierung von "double" in "float", möglicher Datenverlust
D:\imgui-1.91.5\examples\example_win32_directx11\main.cpp(116,68): warning C4244: "Argument": Konvertierung von "double" in "float", möglicher Datenverlust
D:\imgui-1.91.5\examples\example_win32_directx11\main.cpp(117,75): warning C4244: "Argument": Konvertierung von "double" in "float", möglicher Datenverlust
D:\imgui-1.91.5\examples\example_win32_directx11\main.cpp(117,62): warning C4244: "Argument": Konvertierung von "double" in "float", möglicher Datenverlust
D:\imgui-1.91.5\examples\example_win32_directx11\main.cpp(130,55): warning C4244: "=": Konvertierung von "double" in "float", möglicher Datenverlust
D:\imgui-1.91.5\examples\example_win32_directx11\main.cpp(27,89): warning C4100: "nShowCmd": Unreferenzierter formaler Parameter
D:\imgui-1.91.5\examples\example_win32_directx11\main.cpp(27,74): warning C4100: "lpCmdLine": Unreferenzierter formaler Parameter
D:\imgui-1.91.5\examples\example_win32_directx11\main.cpp(27,53): warning C4100: "hPrevInstance": Unreferenzierter formaler Parameter
D:\imgui-1.91.5\examples\example_win32_directx11\main.cpp(27,32): warning C4100: "hInstance": Unreferenzierter formaler Parameter
D:\imgui-1.91.5\examples\example_win32_directx11\main.cpp(68,10): warning C4189: "show_another_window": Lokale Variable ist initialisiert aber nicht referenziert
  Code wird generiert.
  0 of 2509 functions ( 0.0%) were compiled, the rest were copied from previous compilation.
    0 functions were new in current compilation
    0 functions had inline decision re-evaluated but remain unchanged
  Codegenerierung ist abgeschlossen.
  example_win32_directx11.vcxproj -> D:\imgui-1.91.5\examples\example_win32_directx11\Release\example_win32_directx11.exe
  Der Befehl "pwsh.exe" ist entweder falsch geschrieben oder
  konnte nicht gefunden werden.
